SF:/Users/Pankaj/Development/mz_utils/packages/mz_lints/lib/src/rules/remove_listener.dart
DA:15,2
DA:17,4
DA:18,2
DA:19,10
DA:20,0
DA:21,1
DA:22,2
DA:23,0
DA:24,3
DA:26,2
DA:28,0
DA:81,3
DA:82,3
DA:83,0
DA:84,0
DA:89,2
DA:91,0
DA:92,2
DA:94,0
DA:97,2
DA:98,2
DA:99,0
DA:100,0
DA:105,2
DA:107,2
DA:109,0
DA:110,2
DA:112,0
DA:113,1
DA:114,1
DA:115,0
DA:116,2
DA:117,1
DA:118,2
DA:120,1
DA:121,1
DA:122,1
DA:123,0
DA:124,2
DA:125,1
DA:126,0
DA:127,2
DA:128,0
DA:130,0
DA:131,0
DA:132,0
DA:133,2
DA:134,1
DA:135,1
DA:136,3
DA:137,3
DA:141,5
DA:143,0
DA:144,0
DA:145,0
DA:146,0
DA:147,1
DA:152,0
DA:153,0
DA:157,1
DA:160,0
DA:161,1
DA:162,1
DA:165,3
DA:169,2
DA:170,2
DA:173,1
DA:174,1
DA:175,1
DA:178,0
DA:179,1
DA:180,1
DA:182,2
DA:183,1
DA:184,1
DA:185,1
DA:186,0
DA:187,0
DA:188,0
DA:189,1
DA:190,1
DA:192,0
DA:193,0
DA:195,1
DA:196,0
DA:197,2
DA:198,0
DA:202,0
DA:203,0
DA:208,0
DA:210,1
DA:221,1
DA:223,1
DA:225,2
DA:227,2
DA:228,2
DA:229,1
DA:230,1
DA:233,1
DA:234,1
DA:235,1
DA:236,2
DA:238,0
DA:240,2
DA:241,1
DA:242,2
DA:243,0
DA:246,0
DA:247,0
DA:248,0
DA:249,0
DA:251,1
DA:253,0
DA:254,0
DA:255,0
DA:259,1
DA:261,1
DA:263,2
DA:264,0
DA:265,1
DA:266,1
DA:267,2
DA:268,1
DA:269,1
DA:272,1
DA:273,1
DA:274,1
DA:275,2
DA:276,0
DA:278,0
DA:279,2
DA:280,1
DA:281,2
DA:282,0
DA:285,0
DA:286,0
DA:287,0
DA:288,0
DA:290,1
DA:292,0
DA:293,0
DA:294,0
DA:303,0
LF:143
LH:86
end_of_record
SF:/Users/Pankaj/Development/mz_utils/packages/mz_lints/lib/src/rules/controller_listen_in_callback.dart
DA:47,3
DA:48,3
DA:56,2
DA:59,2
DA:64,2
DA:65,2
DA:72,2
DA:74,2
DA:77,4
DA:78,4
DA:81,2
DA:82,6
DA:85,2
DA:88,2
DA:91,6
DA:95,2
DA:96,6
DA:97,2
DA:98,8
DA:99,4
DA:100,2
DA:101,2
DA:115,2
DA:116,2
DA:120,2
DA:121,1
DA:122,1
DA:128,2
DA:129,2
DA:130,2
DA:138,2
DA:139,1
DA:140,1
DA:146,2
DA:153,1
DA:156,1
DA:160,2
DA:166,1
DA:167,1
DA:174,2
DA:177,2
DA:178,4
DA:179,2
DA:182,2
DA:183,2
DA:184,2
DA:185,4
LF:47
LH:47
end_of_record
SF:/Users/Pankaj/Development/mz_utils/packages/mz_lints/lib/src/rules/dispose_notifier.dart
DA:76,3
DA:77,3
DA:84,2
DA:87,2
DA:92,2
DA:93,2
DA:100,2
DA:102,2
DA:105,2
DA:108,1
DA:110,2
DA:111,1
DA:112,1
DA:113,3
DA:114,1
DA:115,1
DA:118,1
DA:119,1
DA:124,1
DA:127,1
DA:130,1
DA:133,2
DA:134,2
DA:135,2
DA:137,2
DA:138,3
DA:145,2
DA:146,2
DA:147,1
DA:148,1
DA:150,1
DA:154,1
DA:155,1
DA:158,2
DA:159,1
DA:160,1
DA:161,1
DA:165,1
DA:166,1
DA:172,1
DA:174,1
DA:175,1
DA:182,1
DA:183,1
DA:188,1
DA:189,1
DA:190,1
DA:192,1
DA:194,1
DA:201,1
DA:202,1
DA:203,2
DA:207,1
DA:208,1
DA:211,1
DA:212,1
DA:213,1
DA:214,1
DA:220,1
DA:222,2
DA:226,2
DA:227,2
DA:231,2
DA:232,2
DA:239,1
DA:242,2
DA:243,4
DA:244,1
DA:245,1
DA:246,3
DA:255,1
DA:258,2
DA:260,4
DA:265,1
DA:266,3
DA:270,1
DA:271,2
DA:272,2
DA:274,3
DA:286,1
DA:288,1
DA:290,3
DA:291,1
DA:292,1
DA:293,3
DA:294,1
DA:295,4
DA:296,1
DA:298,4
DA:301,1
DA:309,1
DA:311,1
DA:313,3
DA:314,1
LF:94
LH:94
end_of_record
SF:/Users/Pankaj/Development/mz_utils/packages/mz_lints/lib/src/utils/ignore_info.dart
DA:15,1
DA:22,1
DA:24,1
DA:27,1
DA:30,2
DA:31,3
DA:33,1
DA:34,1
DA:39,1
DA:43,1
DA:44,1
DA:50,1
DA:57,1
DA:65,1
DA:66,4
DA:67,1
DA:68,1
DA:73,1
DA:80,1
DA:81,1
DA:82,2
DA:83,1
DA:84,1
DA:85,1
DA:86,3
DA:88,1
DA:92,1
DA:93,2
DA:94,1
DA:97,1
DA:98,2
DA:99,3
DA:100,1
DA:105,1
DA:106,1
DA:107,2
DA:108,1
DA:109,1
DA:110,1
DA:117,1
DA:118,2
DA:125,1
DA:126,2
DA:129,2
DA:130,1
DA:140,1
DA:141,4
DA:142,1
LF:48
LH:48
end_of_record
SF:/Users/Pankaj/Development/mz_utils/packages/mz_lints/lib/main.dart
DA:11,3
DA:15,1
DA:18,1
DA:21,2
DA:22,2
DA:23,2
DA:26,1
DA:32,1
DA:33,1
DA:36,1
DA:37,1
LF:11
LH:11
end_of_record
SF:/Users/Pankaj/Development/mz_utils/packages/mz_lints/lib/src/fixes/controller_listen_fix.dart
DA:25,0
DA:27,0
DA:31,0
DA:34,0
DA:37,0
DA:40,0
DA:41,0
DA:43,0
DA:44,0
DA:46,0
DA:47,0
DA:49,0
DA:51,0
DA:55,0
DA:57,0
DA:60,0
DA:64,0
DA:65,0
LF:18
LH:0
end_of_record
SF:/Users/Pankaj/Development/mz_utils/packages/mz_lints/lib/src/fixes/dispose_notifier_fix.dart
DA:25,0
DA:27,0
DA:31,0
DA:34,0
DA:37,0
DA:40,0
DA:41,0
DA:43,0
DA:46,0
DA:50,0
DA:51,0
DA:57,0
DA:60,0
DA:61,0
DA:62,0
DA:63,0
DA:64,0
DA:65,0
DA:66,0
DA:67,0
DA:68,0
DA:93,0
DA:95,0
DA:99,0
DA:102,0
DA:105,0
DA:106,0
DA:108,0
DA:111,0
DA:112,0
DA:114,0
DA:117,0
DA:122,0
DA:123,0
DA:131,0
DA:132,0
DA:134,0
DA:138,0
DA:139,0
DA:140,0
DA:141,0
DA:142,0
DA:143,0
DA:150,0
DA:153,0
DA:154,0
DA:156,0
DA:158,0
DA:159,0
DA:160,0
DA:161,0
DA:163,0
DA:165,0
DA:166,0
DA:167,0
DA:169,0
DA:171,0
DA:172,0
DA:173,0
DA:177,0
DA:178,0
DA:180,0
DA:183,0
DA:184,0
DA:185,0
DA:186,0
DA:193,0
DA:194,0
DA:196,0
DA:197,0
LF:70
LH:0
end_of_record
SF:/Users/Pankaj/Development/mz_utils/packages/mz_lints/lib/src/fixes/remove_listener_fix.dart
DA:27,0
DA:29,0
DA:33,0
DA:36,0
DA:39,0
DA:42,0
DA:43,0
DA:45,0
DA:46,0
DA:51,0
DA:52,0
DA:53,0
DA:55,0
DA:57,0
DA:58,0
DA:59,0
DA:60,0
DA:66,0
DA:67,0
DA:68,0
DA:69,0
DA:70,0
DA:71,0
DA:76,0
DA:81,0
DA:86,0
DA:87,0
DA:95,0
DA:98,0
DA:99,0
DA:100,0
DA:101,0
DA:102,0
DA:103,0
DA:104,0
DA:105,0
DA:106,0
DA:111,0
DA:112,0
DA:114,0
DA:118,0
DA:119,0
DA:120,0
DA:121,0
DA:122,0
DA:123,0
DA:130,0
DA:133,0
DA:134,0
DA:136,0
DA:138,0
DA:139,0
DA:140,0
DA:141,0
DA:143,0
DA:145,0
DA:146,0
DA:147,0
DA:149,0
DA:151,0
DA:152,0
DA:153,0
DA:157,0
DA:158,0
DA:160,0
DA:163,0
DA:164,0
DA:165,0
DA:166,0
DA:168,0
DA:176,0
DA:177,0
DA:179,0
DA:180,0
DA:185,0
DA:186,0
DA:188,0
DA:189,0
DA:190,0
DA:191,0
DA:192,0
DA:193,0
DA:196,0
DA:216,0
DA:218,0
DA:222,0
DA:225,0
DA:228,0
DA:231,0
DA:232,0
DA:234,0
DA:235,0
DA:238,0
DA:239,0
DA:240,0
DA:242,0
DA:246,0
DA:247,0
DA:248,0
DA:249,0
DA:250,0
DA:251,0
DA:256,0
DA:259,0
DA:262,0
DA:263,0
DA:266,0
DA:271,0
DA:272,0
DA:274,0
DA:275,0
DA:276,0
DA:277,0
DA:278,0
DA:279,0
DA:282,0
LF:116
LH:0
end_of_record
